Egesha/proguard-project.txt
# To enable ProGuard in your project, edit project.properties
# to define the proguard.config property as described in that file.
#
# Add project specific ProGuard rules here.
# By default, the flags in this file are appended to flags specified
# in ${sdk.dir}/tools/proguard/proguard-android.txt
# You can edit the include path and order by changing the ProGuard
# include property in project.properties.
#
# For more details, see
#   http://developer.android.com/guide/developing/tools/proguard.html

# Add any project specific keep options here:

# If your project uses WebView with JS, uncomment the following
# and specify the fully qualified class name to the JavaScript interface
# class:
#-keepclassmembers class fqcn.of.javascript.interface.for.webview {
#   public *;
#}

-libraryjars libs

-keep class android.UnusedStub.** { *; }
-keep interface android.UnusedStub.** { *; }

-keep class android.support.v4.app.** { *; }
-keep interface android.support.v4.app.** { *; }

-keep class android.support.v4.accessibilityservice.** { *; }
-keep interface android.support.v4.accessibilityservice.** { *; }

-keep class android.support.v4.content.** { *; }
-keep interface android.support.v4.content.** { *; }

-keep class android.support.v4.database.** { *; }
-keep interface android.support.v4.database.** { *; }

-keep class android.support.v4.graphics.** { *; }
-keep interface android.support.v4.graphics.** { *; }

-keep class android.support.v4.hardware.** { *; }
-keep interface android.support.v4.hardware.** { *; }

-keep class android.support.v4.internal.** { *; }
-keep interface android.support.v4.internal.** { *; }

-keep class android.support.v4.media.** { *; }
-keep interface android.support.v4.media.** { *; }

-keep class android.support.v4.net.** { *; }
-keep interface android.support.v4.net.** { *; }

-keep class android.support.v4.os.** { *; }
-keep interface android.support.v4.os.** { *; }

-keep class android.support.v4.text.** { *; }
-keep interface android.support.v4.text.** { *; }

-keep class android.support.v4.util.** { *; }
-keep interface android.support.v4.util.** { *; }

-keep class android.support.v4.view.** { *; }
-keep interface android.support.v4.view.** { *; }

-keep class android.support.v4.widget.** { *; }
-keep interface android.support.v4.widget.** { *; }

-keep class com.google.ads.** { *; }
-keep interface com.google.ads.** { *; }

-keep class com.google.android.gms.** { *; }
-keep interface com.google.android.gms.** { *; }

-keep class com.google.android.gms.maps.** { *; }
-keep interface com.google.android.gms.maps.** { *; }

-keep public class * extends android.app.Activity
-keep public class * extends android.app.Application
-keep public class * extends android.app.Service
-keep public class * extends android.content.BroadcastReceiver
-keep public class * extends android.content.ContentProvider

-keep public class * extends android.support.v4.app.Fragment
-keep public class * extends android.app.Fragment

# Custom Rules
-keep public class com.project.egesha.** { *; }
-keep public class com.project.egesha.TabsPagerAdapter.** { *; }

-keepclasseswithmembernames class * {
    public <init>(android.content.Context, android.util.AttributeSet);
}

-keepclasseswithmembernames class * {
    public <init>(android.content.Context, android.util.AttributeSet, int);
}

-keep class * extends java.util.ListResourceBundle {
    protected Object[][] getContents();
}

-keep public class com.google.android.gms.common.internal.safeparcel.SafeParcelable {
    public static final *** NULL;
}

-keepnames @com.google.android.gms.common.annotation.KeepName class *
-keepclassmembernames class * {
    @com.google.android.gms.common.annotation.KeepName *;
}

-keepnames class * implements android.os.Parcelable {
    public static final ** CREATOR;
}