Egesha/proguard/seeds.txt
com.google.android.gms.internal.fx$w
com.google.android.gms.internal.fx$w: java.lang.String GV
com.google.android.gms.internal.fx$w: com.google.android.gms.internal.fx GJ
com.google.android.gms.internal.fx$w: fx$w(com.google.android.gms.internal.fx,com.google.android.gms.games.multiplayer.turnbased.OnTurnBasedMatchUpdateReceivedListener,java.lang.String)
com.google.android.gms.internal.fx$w: void b(com.google.android.gms.games.multiplayer.turnbased.OnTurnBasedMatchUpdateReceivedListener)
com.google.android.gms.internal.fx$w: void cP()
com.google.android.gms.internal.fx$w: void a(java.lang.Object)
com.google.android.gms.internal.fx$x
com.google.android.gms.internal.fx$x: com.google.android.gms.games.multiplayer.turnbased.OnTurnBasedMatchUpdateReceivedListener GW
com.google.android.gms.internal.fx$x: com.google.android.gms.internal.fx GJ
com.google.android.gms.internal.fx$x: fx$x(com.google.android.gms.internal.fx,com.google.android.gms.games.multiplayer.turnbased.OnTurnBasedMatchUpdateReceivedListener)
com.google.android.gms.internal.fx$x: void r(com.google.android.gms.common.data.DataHolder)
com.google.android.gms.internal.fx$x: void onTurnBasedMatchRemoved(java.lang.String)
com.google.android.gms.internal.fx$y
com.google.android.gms.internal.fx$y: com.google.android.gms.games.multiplayer.turnbased.TurnBasedMatch GX
com.google.android.gms.internal.fx$y: com.google.android.gms.internal.fx GJ
com.google.android.gms.internal.fx$y: fx$y(com.google.android.gms.internal.fx,com.google.android.gms.games.multiplayer.turnbased.OnTurnBasedMatchUpdateReceivedListener,com.google.android.gms.games.multiplayer.turnbased.TurnBasedMatch)
com.google.android.gms.internal.fx$y: void b(com.google.android.gms.games.multiplayer.turnbased.OnTurnBasedMatchUpdateReceivedListener)
com.google.android.gms.internal.fx$y: void cP()
com.google.android.gms.internal.fx$y: void a(java.lang.Object)
com.google.android.gms.internal.fx$z
com.google.android.gms.internal.fx$z: com.google.android.gms.games.multiplayer.realtime.RealTimeMessage GY
com.google.android.gms.internal.fx$z: com.google.android.gms.internal.fx GJ
com.google.android.gms.internal.fx$z: fx$z(com.google.android.gms.internal.fx,com.google.android.gms.games.multiplayer.realtime.RealTimeMessageReceivedListener,com.google.android.gms.games.multiplayer.realtime.RealTimeMessage)
com.google.android.gms.internal.fx$z: void a(com.google.android.gms.games.multiplayer.realtime.RealTimeMessageReceivedListener)
com.google.android.gms.internal.fx$z: void cP()
com.google.android.gms.internal.fx$z: void a(java.lang.Object)
com.google.android.gms.internal.fy
com.google.android.gms.internal.fy: fy()
com.google.android.gms.internal.fy: boolean c(java.lang.Integer)
com.google.android.gms.internal.fz
com.google.android.gms.internal.fz: com.google.android.gms.internal.el Hy
com.google.android.gms.internal.fz: void f(java.lang.String,java.lang.String)
com.google.android.gms.internal.fz: void g(java.lang.String,java.lang.String)
com.google.android.gms.internal.fz: void h(java.lang.String,java.lang.String)
com.google.android.gms.internal.fz: void a(java.lang.String,java.lang.String,java.lang.Throwable)
com.google.android.gms.internal.fz: void <clinit>()
com.google.android.gms.internal.g
com.google.android.gms.internal.g: g()