Egesha/proguard/mapping.txt
com.google.android.gms.drive.internal.e -> com.google.android.gms.drive.internal.e:
    com.google.android.gms.drive.internal.CloseContentsRequest F(android.os.Parcel) -> F
    com.google.android.gms.drive.internal.CloseContentsRequest[] ak(int) -> ak
    void a(com.google.android.gms.drive.internal.CloseContentsRequest,android.os.Parcel,int) -> a
    java.lang.Object[] newArray(int) -> newArray
    java.lang.Object createFromParcel(android.os.Parcel) -> createFromParcel
com.google.android.gms.drive.internal.f -> com.google.android.gms.drive.internal.f:
    com.google.android.gms.drive.internal.CreateContentsRequest G(android.os.Parcel) -> G
    com.google.android.gms.drive.internal.CreateContentsRequest[] al(int) -> al
    void a(com.google.android.gms.drive.internal.CreateContentsRequest,android.os.Parcel,int) -> a
    java.lang.Object[] newArray(int) -> newArray
    java.lang.Object createFromParcel(android.os.Parcel) -> createFromParcel
com.google.android.gms.drive.internal.g -> com.google.android.gms.drive.internal.g:
    com.google.android.gms.drive.internal.CreateFileIntentSenderRequest H(android.os.Parcel) -> H
    com.google.android.gms.drive.internal.CreateFileIntentSenderRequest[] am(int) -> am
    void a(com.google.android.gms.drive.internal.CreateFileIntentSenderRequest,android.os.Parcel,int) -> a
    java.lang.Object[] newArray(int) -> newArray
    java.lang.Object createFromParcel(android.os.Parcel) -> createFromParcel
com.google.android.gms.drive.internal.h -> com.google.android.gms.drive.internal.h:
    com.google.android.gms.drive.internal.CreateFileRequest I(android.os.Parcel) -> I
    com.google.android.gms.drive.internal.CreateFileRequest[] an(int) -> an
    void a(com.google.android.gms.drive.internal.CreateFileRequest,android.os.Parcel,int) -> a
    java.lang.Object[] newArray(int) -> newArray
    java.lang.Object createFromParcel(android.os.Parcel) -> createFromParcel
com.google.android.gms.drive.internal.i -> com.google.android.gms.drive.internal.i:
    com.google.android.gms.drive.internal.CreateFolderRequest J(android.os.Parcel) -> J
    com.google.android.gms.drive.internal.CreateFolderRequest[] ao(int) -> ao
    void a(com.google.android.gms.drive.internal.CreateFolderRequest,android.os.Parcel,int) -> a
    java.lang.Object[] newArray(int) -> newArray
    java.lang.Object createFromParcel(android.os.Parcel) -> createFromParcel
com.google.android.gms.drive.internal.j -> com.google.android.gms.drive.internal.j:
    com.google.android.gms.drive.metadata.internal.MetadataBundle CZ -> CZ
    java.lang.Object a(com.google.android.gms.drive.metadata.MetadataField) -> a
    java.lang.String toString() -> toString
    com.google.android.gms.drive.Metadata eQ() -> eQ
    boolean isDataValid() -> isDataValid
    java.lang.Object freeze() -> freeze
com.google.android.gms.drive.internal.k -> com.google.android.gms.drive.internal.k:
    com.google.android.gms.drive.internal.DisconnectRequest K(android.os.Parcel) -> K
    com.google.android.gms.drive.internal.DisconnectRequest[] ap(int) -> ap
    void a(com.google.android.gms.drive.internal.DisconnectRequest,android.os.Parcel,int) -> a
    java.lang.Object[] newArray(int) -> newArray
    java.lang.Object createFromParcel(android.os.Parcel) -> createFromParcel