Egesha/proguard/usage.txt
android.UnusedStub